生成启动时间为 2017-4-13 22:52:07。
项目“C:\Documents and Settings\Administrator\桌面\RPGMakerXP-Injector\RPGMakerXP-Injector\RPGMakerXP-Injector.vcxproj”在节点 2 上(rebuild 个目标)。
_PrepareForClean:
  正在删除文件“Release\RPGMakerXP-Injector.lastbuildstate”。
InitializeBuildStatus:
  正在创建“Release\RPGMakerXP-Injector.unsuccessfulbuild”，因为已指定“AlwaysCreate”。
ClCompile:
  c:\Program Files\Microsoft Visual Studio 10.0\VC\bin\CL.exe /c /Zi /nologo /W3 /WX- /O2 /Oi /Oy- /GL /D _MBCS /Gm- /EHsc /MD /GS /Gy /fp:precise /Zc:wchar_t /Zc:forScope /Fo"Release\\" /Fd"Release\vc100.pdb" /Gd /TP /analyze- /errorReport:prompt Main.cpp
  Main.cpp
Link:
  c:\Program Files\Microsoft Visual Studio 10.0\VC\bin\link.exe /ERRORREPORT:PROMPT /OUT:"C:\Documents and Settings\Administrator\桌面\RPGMakerXP-Injector\Release\RPGMakerXP-Injector.exe" /NOLOGO kernel32.lib user32.lib gdi32.lib winspool.lib comdlg32.lib advapi32.lib shell32.lib ole32.lib oleaut32.lib uuid.lib odbc32.lib odbccp32.lib /MANIFEST /ManifestFile:"Release\RPGMakerXP-Injector.exe.intermediate.manifest" /MANIFESTUAC:"level='asInvoker' uiAccess='false'" /DEBUG /PDB:"C:\Documents and Settings\Administrator\桌面\RPGMakerXP-Injector\Release\RPGMakerXP-Injector.pdb" /OPT:REF /OPT:ICF /LTCG /TLBID:1 /DYNAMICBASE /NXCOMPAT /IMPLIB:"C:\Documents and Settings\Administrator\桌面\RPGMakerXP-Injector\Release\RPGMakerXP-Injector.lib" /MACHINE:X86 Release\Main.obj
  正在生成代码
  已完成代码的生成
  RPGMakerXP-Injector.vcxproj -> C:\Documents and Settings\Administrator\桌面\RPGMakerXP-Injector\Release\RPGMakerXP-Injector.exe
Manifest:
  c:\Program Files\Microsoft SDKs\Windows\v7.0A\bin\mt.exe /nologo /verbose /outputresource:"C:\Documents and Settings\Administrator\桌面\RPGMakerXP-Injector\Release\RPGMakerXP-Injector.exe;#1" /manifest "Release\RPGMakerXP-Injector.exe.intermediate.manifest"
FinalizeBuildStatus:
  正在删除文件“Release\RPGMakerXP-Injector.unsuccessfulbuild”。
  正在对“Release\RPGMakerXP-Injector.lastbuildstate”执行 Touch 任务。
已完成生成项目“C:\Documents and Settings\Administrator\桌面\RPGMakerXP-Injector\RPGMakerXP-Injector\RPGMakerXP-Injector.vcxproj”(rebuild 个目标)的操作。

生成成功。

已用时间 00:00:01.84
